<ShowPlanXML xmlns
="http://schemas.microsoft.com/sqlserver/2004/07/showplan" Version="1.6" Build="14.0.3008.27"><BatchSequence><Batch><Statements><StmtSimple StatementText="SELECT TOP (1000) [CityID]&#xd;&#xa;      ,[CityName]&#xd;&#xa;      ,[StateProvinceID]&#xd;&#xa;      ,[Location]&#xd;&#xa;      ,[LatestRecordedPopulation]&#xd;&#xa;      ,[LastEditedBy]&#xd;&#xa;  FROM [WideWorldImporters].[Application].[Cities]" StatementId="1" StatementCompId="1" StatementType="SELECT" StatementSqlHandle="0x0900C776FC9D032893E7872BB412017A9E960000000000000000000000000000000000000000000000000000" DatabaseContextSettingsId="2" ParentObjectId="0" StatementParameterizationType="0" RetrievedFromCache="true" StatementSubTreeCost="0.0141175" StatementEstRows="1000" SecurityPolicyApplied="false" StatementOptmLevel="TRIVIAL" QueryHash="0x4FDB3409335E1C40" QueryPlanHash="0xBFA16DC0835321B2" CardinalityEstimationModelVersion="130"><StatementSetOptions QUOTED_IDENTIFIER="true" ARITHABORT="true" CONCAT_NULL_YIELDS_NULL="true" ANSI_NULLS="true" ANSI_PADDING="true" ANSI_WARNINGS="true" NUMERIC_ROUNDABORT="false"></StatementSetOptions><QueryPlan CachedPlanSize="24" CompileTime="0" CompileCPU="0" CompileMemory="96"><MemoryGrantInfo SerialRequiredMemory="0" SerialDesiredMemory="0"></MemoryGrantInfo><OptimizerHardwareDependentProperties EstimatedAvailableMemoryGrant="326297" EstimatedPagesCached="163148" EstimatedAvailableDegreeOfParallelism="4" MaxCompileMemory="18959504"></OptimizerHardwareDependentProperties><TraceFlags IsCompileTime="1"><TraceFlag Value="835" Scope="Global"></TraceFlag><TraceFlag Value="3105" Scope="Global"></TraceFlag><TraceFlag Value="5504" Scope="Global"></TraceFlag><TraceFlag Value="5521" Scope="Global"></TraceFlag><TraceFlag Value="6529" Scope="Global"></TraceFlag><TraceFlag Value="8020" Scope="Global"></TraceFlag><TraceFlag Value="8415" Scope="Global"></TraceFlag></TraceFlags><RelOp NodeId="0" PhysicalOp="Top" LogicalOp="Top" EstimateRows="1000" EstimateIO="0" EstimateCPU="0.0001" AvgRowSize="4107" EstimatedTotalSubtreeCost="0.0141175" Parallel="0" EstimateRebinds="0" EstimateRewinds="0" EstimatedExecutionMode="Row"><OutputList><ColumnReference Database="[WideWorldImporters]" Schema="[Application]" Table="[Cities]" Column="CityID"></ColumnReference><ColumnReference Database="[WideWorldImporters]" Schema="[Application]" Table="[Cities]" Column="CityName"></ColumnReference><ColumnReference Database="[WideWorldImporters]" Schema="[Application]" Table="[Cities]" Column="StateProvinceID"></ColumnReference><ColumnReference Database="[WideWorldImporters]" Schema="[Application]" Table="[Cities]" Column="Location"></ColumnReference><ColumnReference Database="[WideWorldImporters]" Schema="[Application]" Table="[Cities]" Column="LatestRecordedPopulation"></ColumnReference><ColumnReference Database="[WideWorldImporters]" Schema="[Application]" Table="[Cities]" Column="LastEditedBy"></ColumnReference></OutputList><Top RowCount="0" IsPercent="0" WithTies="0"><TopExpression><ScalarOperator ScalarString="(1000)"><Const ConstValue="(1000)"></Const></ScalarOperator></TopExpression><RelOp NodeId="1" PhysicalOp="Clustered Index Scan" LogicalOp="Clustered Index Scan" EstimateRows="1000" EstimateRowsWithoutRowGoal="37940" EstimatedRowsRead="37940" EstimateIO="0.369051" EstimateCPU="0.041891" AvgRowSize="4107" EstimatedTotalSubtreeCost="0.0140175" TableCardinality="37940" Parallel="0" EstimateRebinds="0" EstimateRewinds="0" EstimatedExecutionMode="Row"><OutputList><ColumnReference Database="[WideWorldImporters]" Schema="[Application]" Table="[Cities]" Column="CityID"></ColumnReference><ColumnReference Database="[WideWorldImporters]" Schema="[Application]" Table="[Cities]" Column="CityName"></ColumnReference><ColumnReference Database="[WideWorldImporters]" Schema="[Application]" Table="[Cities]" Column="StateProvinceID"></ColumnReference><ColumnReference Database="[WideWorldImporters]" Schema="[Application]" Table="[Cities]" Column="Location"></ColumnReference><ColumnReference Database="[WideWorldImporters]" Schema="[Application]" Table="[Cities]" Column="LatestRecordedPopulation"></ColumnReference><ColumnReference Database="[WideWorldImporters]" Schema="[Application]" Table="[Cities]" Column="LastEditedBy"></ColumnReference></OutputList><IndexScan Ordered="0" ForcedIndex="0" ForceScan="0" NoExpandHint="0" Storage="RowStore"><DefinedValues><DefinedValue><ColumnReference Database="[WideWorldImporters]" Schema="[Application]" Table="[Cities]" Column="CityID"></ColumnReference></DefinedValue><DefinedValue><ColumnReference Database="[WideWorldImporters]" Schema="[Application]" Table="[Cities]" Column="CityName"></ColumnReference></DefinedValue><DefinedValue><ColumnReference Database="[WideWorldImporters]" Schema="[Application]" Table="[Cities]" Column="StateProvinceID"></ColumnReference></DefinedValue><DefinedValue><ColumnReference Database="[WideWorldImporters]" Schema="[Application]" Table="[Cities]" Column="Location"></ColumnReference></DefinedValue><DefinedValue><ColumnReference Database="[WideWorldImporters]" Schema="[Application]" Table="[Cities]" Column="LatestRecordedPopulation"></ColumnReference></DefinedValue><DefinedValue><ColumnReference Database="[WideWorldImporters]" Schema="[Application]" Table="[Cities]" Column="LastEditedBy"></ColumnReference></DefinedValue></DefinedValues><Object Database="[WideWorldImporters]" Schema="[Application]" Table="[Cities]" Index="[PK_Application_Cities]" IndexKind="Clustered" Storage="RowStore"></Object></IndexScan></RelOp></Top></RelOp></QueryPlan></StmtSimple></Statements></Batch></BatchSequence></ShowPlanXML>