<ShowPlanXML xmlns="http://schemas.microsoft.com/sqlserver/2004/07/showplan" Version="1.6" Build="14.0.3006.16"><BatchSequence><Batch><Statements><StmtSimple StatementText="SELECT&#xa;SCHEMA_NAME(sp.schema_id) AS [Schema],&#xa;sp.name AS [Name],&#xa;sp.object_id AS [ID],&#xa;CAST(&#xa; case &#xa;    when sp.is_ms_shipped = 1 then 1&#xa;    when (&#xa;        select &#xa;            major_id &#xa;        from &#xa;            sys.extended_properties &#xa;        where &#xa;            major_id = sp.object_id and &#xa;            minor_id = 0 and &#xa;            class = 1 and &#xa;            name = N&apos;microsoft_database_tools_support&apos;) &#xa;        is not null then 1&#xa;    else 0&#xa;end          &#xa;             AS bit) AS [IsSystemObject],&#xa;CASE WHEN sp.type = N&apos;P&apos; THEN 1 WHEN sp.type = N&apos;PC&apos; THEN 2 ELSE 1 END AS [ImplementationType],&#xa;CAST(CASE WHEN ISNULL(smsp.definition, ssmsp.definition) IS NULL THEN 1 ELSE 0 END AS bit) AS [IsEncrypted]&#xa;FROM&#xa;sys.all_objects AS sp&#xa;LEFT OUTER JOIN sys.sql_modules AS smsp ON smsp.object_id = sp.object_id&#xa;LEFT OUTER JOIN sys.system_sql_modules AS ssmsp ON ssmsp.object_id = sp.object_id&#xa;WHERE&#xa;(sp.type = @_msparam_0 OR sp.type = @_msparam_1 OR sp.type=@_msparam_2)&#xa;ORDER BY&#xa;[Schema] ASC,[Name] ASC" StatementId="1" StatementCompId="1" StatementType="SELECT" StatementSqlHandle="0x090039E0AD36445B9846AE1D0451657D5E2B0000000000000000000000000000000000000000000000000000" DatabaseContextSettingsId="5" ParentObjectId="0" StatementParameterizationType="1" RetrievedFromCache="true" StatementSubTreeCost="0.270295" StatementEstRows="163.363" SecurityPolicyApplied="false" StatementOptmLevel="FULL" QueryHash="0x9EC83C15092E7A99" QueryPlanHash="0xF98B361CAF20A317" StatementOptmEarlyAbortReason="GoodEnoughPlanFound" CardinalityEstimationModelVersion="130"><StatementSetOptions QUOTED_IDENTIFIER="true" ARITHABORT="false" CONCAT_NULL_YIELDS_NULL="true" ANSI_NULLS="true" ANSI_PADDING="true" ANSI_WARNINGS="true" NUMERIC_ROUNDABORT="false"></StatementSetOptions><QueryPlan NonParallelPlanReason="CouldNotGenerateValidParallelPlan" CachedPlanSize="104" CompileTime="23" CompileCPU="23" CompileMemory="1872"><MemoryGrantInfo SerialRequiredMemory="512" SerialDesiredMemory="624"></MemoryGrantInfo><OptimizerHardwareDependentProperties EstimatedAvailableMemoryGrant="160921" EstimatedPagesCached="20115" EstimatedAvailableDegreeOfParallelism="2" MaxCompileMemory="2215872"></OptimizerHardwareDependentProperties><OptimizerStatsUsage><StatisticsInfo LastUpdate="2016-08-12T16:40:55.56" ModificationCount="60" SamplingPercent="100" Statistics="[nc1]" Table="[sysschobjs]" Schema="[sys]" Database="[WideWorldImporters]"></StatisticsInfo><StatisticsInfo LastUpdate="2016-08-12T16:40:55.58" ModificationCount="60" SamplingPercent="100" Statistics="[_WA_Sys_00000006_00000022]" Table="[sysschobjs]" Schema="[sys]" Database="[WideWorldImporters]"></StatisticsInfo><StatisticsInfo LastUpdate="2016-08-12T16:40:55.57" ModificationCount="60" SamplingPercent="100" Statistics="[nc3]" Table="[sysschobjs]" Schema="[sys]" Database="[WideWorldImporters]"></StatisticsInfo><StatisticsInfo LastUpdate="2016-08-12T16:40:55.58" ModificationCount="66" SamplingPercent="100" Statistics="[_WA_Sys_00000005_00000022]" Table="[sysschobjs]" Schema="[sys]" Database="[WideWorldImporters]"></StatisticsInfo><StatisticsInfo LastUpdate="2016-08-12T16:40:55.56" ModificationCount="60" SamplingPercent="100" Statistics="[clst]" Table="[sysschobjs]" Schema="[sys]" Database="[WideWorldImporters]"></StatisticsInfo><StatisticsInfo LastUpdate="2016-08-12T16:40:55.57" ModificationCount="60" SamplingPercent="100" Statistics="[_WA_Sys_00000008_00000022]" Table="[sysschobjs]" Schema="[sys]" Database="[WideWorldImporters]"></StatisticsInfo><StatisticsInfo LastUpdate="2016-06-02T10:25:30.17" ModificationCount="14" SamplingPercent="100" Statistics="[clust]" Table="[sysxprops]" Schema="[sys]" Database="[WideWorldImporters]"></StatisticsInfo></OptimizerStatsUsage><TraceFlags IsCompileTime="1"><TraceFlag Value="835" Scope="Global"></TraceFlag><TraceFlag Value="3105" Scope="Global"></TraceFlag><TraceFlag Value="5504" Scope="Global"></TraceFlag><TraceFlag Value="5521" Scope="Global"></TraceFlag><TraceFlag Value="6529" Scope="Global"></TraceFlag><TraceFlag Value="8020" Scope="Global"></TraceFlag><TraceFlag Value="8415" Scope="Global"></TraceFlag></TraceFlags><RelOp NodeId="0" PhysicalOp="Sort" LogicalOp="Sort" EstimateRows="163.363" EstimateIO="0.0112613" EstimateCPU="0.0019739" AvgRowSize="278" EstimatedTotalSubtreeCost="0.270295" Parallel="0" EstimateRebinds="0" EstimateRewinds="0" EstimatedExecutionMode="Row"><OutputList><ColumnReference Database="[WideWorldImporters]" Schema="[sys]" Table="[sysschobjs]" Alias="[o]" Column="id"></ColumnReference><ColumnReference Database="[WideWorldImporters]" Schema="[sys]" Table="[sysschobjs]" Alias="[o]" Column="name"></ColumnReference><ColumnReference Column="Expr1033"></ColumnReference><ColumnReference Column="Expr1037"></ColumnReference><ColumnReference Column="Expr1038"></ColumnReference><ColumnReference Column="Expr1039"></ColumnReference></OutputList><MemoryFractions Input="1" Output="1"></MemoryFractions><Sort Distinct="0"><OrderBy><OrderByColumn Ascending="1"><ColumnReference Column="Expr1033"></ColumnReference></OrderByColumn><OrderByColumn Ascending="1"><ColumnReference Database="[WideWorldImporters]" Schema="[sys]" Table="[sysschobjs]" Alias="[o]" Column="name"></ColumnReference></OrderByColumn></OrderBy><RelOp NodeId="1" PhysicalOp="Compute Scalar" LogicalOp="Compute Scalar" EstimateRows="163.363" EstimateIO="0" EstimateCPU="1.63363e-005" AvgRowSize="278" EstimatedTotalSubtreeCost="0.25706" Parallel="0" EstimateRebinds="0" EstimateRewinds="0" EstimatedExecutionMode="Row"><OutputList><ColumnReference Database="[WideWorldImporters]" Schema="[sys]" Table="[sysschobjs]" Alias="[o]" Column="id"></ColumnReference><ColumnReference Database="[WideWorldImporters]" Schema="[sys]" Table="[sysschobjs]" Alias="[o]" Column="name"></ColumnReference><ColumnReference Column="Expr1033"></ColumnReference><ColumnReference Column="Expr1037"></ColumnReference><ColumnReference Column="Expr1038"></ColumnReference><ColumnReference Column="Expr1039"></ColumnReference></OutputList><ComputeScalar><DefinedValues><DefinedValue><ColumnReference Column="Expr1037"></ColumnReference><ScalarOperator ScalarString="CONVERT(bit,CASE WHEN [Expr1043]=(1) THEN (1) ELSE CASE WHEN [WideWorldImporters].[sys].[sysxprops].[id] as [p].[id] IS NOT NULL THEN (1) ELSE (0) END END,0)"><Convert DataType="bit" Style="0" Implicit="0"><ScalarOperator><IF><Condition><ScalarOperator><Compare CompareOp="EQ"><ScalarOperator><Identifier><ColumnReference Column="Expr1043"></ColumnReference></Identifier></ScalarOperator><ScalarOperator><Const ConstValue="(1)"></Const></ScalarOperator></Compare></ScalarOperator></Condition><Then><ScalarOperator><Const ConstValue="(1)"></Const></ScalarOperator></Then><Else><ScalarOperator><IF><Condition><ScalarOperator><Compare CompareOp="IS NOT"><ScalarOperator><Identifier><ColumnReference Database="[WideWorldImporters]" Schema="[sys]" Table="[sysxprops]" Alias="[p]" Column="id"></ColumnReference></Identifier></ScalarOperator><ScalarOperator><Const ConstValue="NULL"></Const></ScalarOperator></Compare></ScalarOperator></Condition><Then><ScalarOperator><Const ConstValue="(1)"></Const></ScalarOperator></Then><Else><ScalarOperator><Const ConstValue="(0)"></Const></ScalarOperator></Else></IF></ScalarOperator></Else></IF></ScalarOperator></Convert></ScalarOperator></DefinedValue><DefinedValue><ColumnReference Column="Expr1039"></ColumnReference><ScalarOperator ScalarString="CONVERT(bit,CASE WHEN isnull([Expr1009],[Expr1024]) IS NULL THEN (1) ELSE (0) END,0)"><Convert DataType="bit" Style="0" Implicit="0"><ScalarOperator><IF><Condition><ScalarOperator><Compare CompareOp="IS"><ScalarOperator><Intrinsic FunctionName="isnull"><ScalarOperator><Identifier><ColumnReference Column="Expr1009"></ColumnReference></Identifier></ScalarOperator><ScalarOperator><Identifier><ColumnReference Column="Expr1024"></ColumnReference></Identifier></ScalarOperator></Intrinsic></ScalarOperator><ScalarOperator><Const ConstValue="NULL"></Const></ScalarOperator></Compare></ScalarOperator></Condition><Then><ScalarOperator><Const ConstValue="(1)"></Const></ScalarOperator></Then><Else><ScalarOperator><Const ConstValue="(0)"></Const></ScalarOperator></Else></IF></ScalarOperator></Convert></ScalarOperator></DefinedValue></DefinedValues><RelOp NodeId="2" PhysicalOp="Nested Loops" LogicalOp="Left Outer Join" EstimateRows="163.363" EstimateIO="0" EstimateCPU="0.000682859" AvgRowSize="8334" EstimatedTotalSubtreeCost="0.257044" Parallel="0" EstimateRebinds="0" EstimateRewinds="0" EstimatedExecutionMode="Row"><OutputList><ColumnReference Database="[WideWorldImporters]" Schema="[sys]" Table="[sysschobjs]" Alias="[o]" Column="id"></ColumnReference><ColumnReference Database="[WideWorldImporters]" Schema="[sys]" Table="[sysschobjs]" Alias="[o]" Column="name"></ColumnReference><ColumnReference Column="Expr1009"></ColumnReference><ColumnReference Column="Expr1024"></ColumnReference><ColumnReference Column="Expr1033"></ColumnReference><ColumnReference Database="[WideWorldImporters]" Schema="[sys]" Table="[sysxprops]" Alias="[p]" Column="id"></ColumnReference><ColumnReference Column="Expr1038"></ColumnReference><ColumnReference Column="Expr1043"></ColumnReference></OutputList><NestedLoops Optimized="0"><PassThru><ScalarOperator ScalarString="[Expr1043]=(1)"><Compare CompareOp="EQ"><ScalarOperator><Identifier><ColumnReference Column="Expr1043"></ColumnReference></Identifier></ScalarOperator><ScalarOperator><Const ConstValue="(1)"></Const></ScalarOperator></Compare></ScalarOperator></PassThru><OuterReferences><ColumnReference Database="[WideWorldImporters]" Schema="[sys]" Table="[sysschobjs]" Alias="[o]" Column="id"></ColumnReference></OuterReferences><RelOp NodeId="3" PhysicalOp="Merge Join" LogicalOp="Left Outer Join" EstimateRows="163.363" EstimateIO="0" EstimateCPU="0.0105523" AvgRowSize="8330" EstimatedTotalSubtreeCost="0.210501" Parallel="0" EstimateRebinds="0" EstimateRewinds="0" EstimatedExecutionMode="Row"><OutputList><ColumnReference Database="[WideWorldImporters]" Schema="[sys]" Table="[sysschobjs]" Alias="[o]" Column="id"></ColumnReference><ColumnReference Database="[WideWorldImporters]" Schema="[sys]" Table="[sysschobjs]" Alias="[o]" Column="name"></ColumnReference><ColumnReference Column="Expr1009"></ColumnReference><ColumnReference Column="Expr1024"></ColumnReference><ColumnReference Column="Expr1033"></ColumnReference><ColumnReference Column="Expr1038"></ColumnReference><ColumnReference Column="Expr1043"></ColumnReference></OutputList><Merge ManyToMany="0"><InnerSideJoinColumns><ColumnReference Database="[WideWorldImporters]" Schema="[sys]" Table="[sysschobjs]" Alias="[o]" Column="id"></ColumnReference></InnerSideJoinColumns><OuterSideJoinColumns><ColumnReference Database="[WideWorldImporters]" Schema="[sys]" Table="[sysschobjs]" Alias="[o]" Column="id"></ColumnReference></OuterSideJoinColumns><Residual><ScalarOperator ScalarString="[WideWorldImporters].[sys].[sysschobjs].[id] as [o].[id]=[WideWorldImporters].[sys].[sysschobjs].[id] as [o].[id]"><Compare CompareOp="EQ"><ScalarOperator><Identifier><ColumnReference Database="[WideWorldImporters]" Schema="[sys]" Table="[sysschobjs]" Alias="[o]" Column="id"></ColumnReference></Identifier></ScalarOperator><ScalarOperator><Identifier><ColumnReference Database="[WideWorldImporters]" Schema="[sys]" Table="[sysschobjs]" Alias="[o]" Column="id"></ColumnReference></Identifier></ScalarOperator></Compare></ScalarOperator></Residual><RelOp NodeId="4" PhysicalOp="Merge Join" LogicalOp="Left Outer Join" EstimateRows="159.526" EstimateIO="0" EstimateCPU="0.0105554" AvgRowSize="4304" EstimatedTotalSubtreeCost="0.138774" Parallel="0" EstimateRebinds="0" EstimateRewinds="0" EstimatedExecutionMode="Row"><OutputList><ColumnReference Database="[WideWorldImporters]" Schema="[sys]" Table="[sysschobjs]" Alias="[o]" Column="id"></ColumnReference><ColumnReference Database="[WideWorldImporters]" Schema="[sys]" Table="[sysschobjs]" Alias="[o]" Column="name"></ColumnReference><ColumnReference Column="Expr1009"></ColumnReference><ColumnReference Column="Expr1033"></ColumnReference><ColumnReference Column="Expr1038"></ColumnReference><ColumnReference Column="Expr1043"></ColumnReference></OutputList><Merge ManyToMany="0"><InnerSideJoinColumns><ColumnReference Database="[WideWorldImporters]" Schema="[sys]" Table="[sysschobjs]" Alias="[o]" Column="id"></ColumnReference></InnerSideJoinColumns><OuterSideJoinColumns><ColumnReference Database="[WideWorldImporters]" Schema="[sys]" Table="[sysschobjs]" Alias="[o]" Column="id"></ColumnReference></OuterSideJoinColumns><Residual><ScalarOperator ScalarString="[WideWorldImporters].[sys].[sysschobjs].[id] as [o].[id]=[WideWorldImporters].[sys].[sysschobjs].[id] as [o].[id]"><Compare CompareOp="EQ"><ScalarOperator><Identifier><ColumnReference Database="[WideWorldImporters]" Schema="[sys]" Table="[sysschobjs]" Alias="[o]" Column="id"></ColumnReference></Identifier></ScalarOperator><ScalarOperator><Identifier><ColumnReference Database="[WideWorldImporters]" Schema="[sys]" Table="[sysschobjs]" Alias="[o]" Column="id"></ColumnReference></Identifier></ScalarOperator></Compare></ScalarOperator></Residual><RelOp NodeId="5" PhysicalOp="Filter" LogicalOp="Filter" EstimateRows="157.15" EstimateIO="0" EstimateCPU="0.00707952" AvgRowSize="278" EstimatedTotalSubtreeCost="0.0595802" Parallel="0" EstimateRebinds="0" EstimateRewinds="0" EstimatedExecutionMode="Row"><OutputList><ColumnReference Database="[WideWorldImporters]" Schema="[sys]" Table="[sysschobjs]" Alias="[o]" Column="id"></ColumnReference><ColumnReference Database="[WideWorldImporters]" Schema="[sys]" Table="[sysschobjs]" Alias="[o]" Column="name"></ColumnReference><ColumnReference Column="Expr1033"></ColumnReference><ColumnReference Column="Expr1038"></ColumnReference><ColumnReference Column="Expr1043"></ColumnReference></OutputList><Filter StartupExpression="0"><RelOp NodeId="6" PhysicalOp="Compute Scalar" LogicalOp="Compute Scalar" EstimateRows="157.15" EstimateIO="0" EstimateCPU="0.0002744" AvgRowSize="283" EstimatedTotalSubtreeCost="0.0525007" Parallel="0" EstimateRebinds="0" EstimateRewinds="0" EstimatedExecutionMode="Row"><OutputList><ColumnReference Database="[WideWorldImporters]" Schema="[sys]" Table="[sysschobjs]" Alias="[o]" Column="id"></ColumnReference><ColumnReference Database="[WideWorldImporters]" Schema="[sys]" Table="[sysschobjs]" Alias="[o]" Column="name"></ColumnReference><ColumnReference Column="Expr1033"></ColumnReference><ColumnReference Column="Expr1038"></ColumnReference><ColumnReference Column="Expr1043"></ColumnReference></OutputList><ComputeScalar><DefinedValues><DefinedValue><ColumnReference Column="Expr1033"></ColumnReference><ScalarOperator ScalarString="schema_name([WideWorldImporters].[sys].[sysschobjs].[nsid] as [o].[nsid])"><Intrinsic FunctionName="schema_name"><ScalarOperator><Identifier><ColumnReference Database="[WideWorldImporters]" Schema="[sys]" Table="[sysschobjs]" Alias="[o]" Column="nsid"></ColumnReference></Identifier></ScalarOperator></Intrinsic></ScalarOperator></DefinedValue><DefinedValue><ColumnReference Column="Expr1038"></ColumnReference><ScalarOperator ScalarString="CASE WHEN CONVERT_IMPLICIT(nchar(2),CONVERT(char(2),CASE WHEN [WideWorldImporters].[sys].[sysschobjs].[type] as [o].[type]=&apos;ET&apos; THEN &apos;U&apos; ELSE [WideWorldImporters].[sys].[sysschobjs].[type] as [o].[type] END,0),0)=N&apos;P&apos; THEN (1) ELSE CASE WHEN CONVERT_IMPLICIT(nchar(2),CONVERT(char(2),CASE WHEN [WideWorldImporters].[sys].[sysschobjs].[type] as [o].[type]=&apos;ET&apos; THEN &apos;U&apos; ELSE [WideWorldImporters].[sys].[sysschobjs].[type] as [o].[type] END,0),0)=N&apos;PC&apos; THEN (2) ELSE (1) END END"><IF><Condition><ScalarOperator><Compare CompareOp="EQ"><ScalarOperator><Convert DataType="nchar" Length="4" Style="0" Implicit="1"><ScalarOperator><Convert DataType="char" Length="2" Style="0" Implicit="0"><ScalarOperator><IF><Condition><ScalarOperator><Compare CompareOp="EQ"><ScalarOperator><Identifier><ColumnReference Database="[WideWorldImporters]" Schema="[sys]" Table="[sysschobjs]" Alias="[o]" Column="type"></ColumnReference></Identifier></ScalarOperator><ScalarOperator><Const ConstValue="&apos;ET&apos;"></Const></ScalarOperator></Compare></ScalarOperator></Condition><Then><ScalarOperator><Const ConstValue="&apos;U&apos;"></Const></ScalarOperator></Then><Else><ScalarOperator><Identifier><ColumnReference Database="[WideWorldImporters]" Schema="[sys]" Table="[sysschobjs]" Alias="[o]" Column="type"></ColumnReference></Identifier></ScalarOperator></Else></IF></ScalarOperator></Convert></ScalarOperator></Convert></ScalarOperator><ScalarOperator><Const ConstValue="N&apos;P&apos;"></Const></ScalarOperator></Compare></ScalarOperator></Condition><Then><ScalarOperator><Const ConstValue="(1)"></Const></ScalarOperator></Then><Else><ScalarOperator><IF><Condition><ScalarOperator><Compare CompareOp="EQ"><ScalarOperator><Convert DataType="nchar" Length="4" Style="0" Implicit="1"><ScalarOperator><Convert DataType="char" Length="2" Style="0" Implicit="0"><ScalarOperator><IF><Condition><ScalarOperator><Compare CompareOp="EQ"><ScalarOperator><Identifier><ColumnReference Database="[WideWorldImporters]" Schema="[sys]" Table="[sysschobjs]" Alias="[o]" Column="type"></ColumnReference></Identifier></ScalarOperator><ScalarOperator><Const ConstValue="&apos;ET&apos;"></Const></ScalarOperator></Compare></ScalarOperator></Condition><Then><ScalarOperator><Const ConstValue="&apos;U&apos;"></Const></ScalarOperator></Then><Else><ScalarOperator><Identifier><ColumnReference Database="[WideWorldImporters]" Schema="[sys]" Table="[sysschobjs]" Alias="[o]" Column="type"></ColumnReference></Identifier></ScalarOperator></Else></IF></ScalarOperator></Convert></ScalarOperator></Convert></ScalarOperator><ScalarOperator><Const ConstValue="N&apos;PC&apos;"></Const></ScalarOperator></Compare></ScalarOperator></Condition><Then><ScalarOperator><Const ConstValue="(2)"></Const></ScalarOperator></Then><Else><ScalarOperator><Const ConstValue="(1)"></Const></ScalarOperator></Else></IF></ScalarOperator></Else></IF></ScalarOperator></DefinedValue><DefinedValue><ColumnReference Column="Expr1043"></ColumnReference><ScalarOperator ScalarString="CONVERT(bit,[WideWorldImporters].[sys].[sysschobjs].[status] as [o].[status]&amp;(1),0)"><Convert DataType="bit" Style="0" Implicit="0"><ScalarOperator><Arithmetic Operation="BIT_AND"><ScalarOperator><Identifier><ColumnReference Database="[WideWorldImporters]" Schema="[sys]" Table="[sysschobjs]" Alias="[o]" Column="status"></ColumnReference></Identifier></ScalarOperator><ScalarOperator><Const ConstValue="(1)"></Const></ScalarOperator></Arithmetic></ScalarOperator></Convert></ScalarOperator></DefinedValue></DefinedValues><RelOp NodeId="7" PhysicalOp="Clustered Index Scan" LogicalOp="Clustered Index Scan" EstimateRows="157.15" EstimatedRowsRead="2744" EstimateIO="0.0490509" EstimateCPU="0.0031754" AvgRowSize="154" EstimatedTotalSubtreeCost="0.0522263" TableCardinality="2744" Parallel="0" EstimateRebinds="0" EstimateRewinds="0" EstimatedExecutionMode="Row"><OutputList><ColumnReference Database="[WideWorldImporters]" Schema="[sys]" Table="[sysschobjs]" Alias="[o]" Column="id"></ColumnReference><ColumnReference Database="[WideWorldImporters]" Schema="[sys]" Table="[sysschobjs]" Alias="[o]" Column="name"></ColumnReference><ColumnReference Database="[WideWorldImporters]" Schema="[sys]" Table="[sysschobjs]" Alias="[o]" Column="nsid"></ColumnReference><ColumnReference Database="[WideWorldImporters]" Schema="[sys]" Table="[sysschobjs]" Alias="[o]" Column="status"></ColumnReference><ColumnReference Database="[WideWorldImporters]" Schema="[sys]" Table="[sysschobjs]" Alias="[o]" Column="type"></ColumnReference></OutputList><IndexScan Ordered="1" ScanDirection="FORWARD" ForcedIndex="0" ForceSeek="0" ForceScan="0" NoExpandHint="0" Storage="RowStore"><DefinedValues><DefinedValue><ColumnReference Database="[WideWorldImporters]" Schema="[sys]" Table="[sysschobjs]" Alias="[o]" Column="id"></ColumnReference></DefinedValue><DefinedValue><ColumnReference Database="[WideWorldImporters]" Schema="[sys]" Table="[sysschobjs]" Alias="[o]" Column="name"></ColumnReference></DefinedValue><DefinedValue><ColumnReference Database="[WideWorldImporters]" Schema="[sys]" Table="[sysschobjs]" Alias="[o]" Column="nsid"></ColumnReference></DefinedValue><DefinedValue><ColumnReference Database="[WideWorldImporters]" Schema="[sys]" Table="[sysschobjs]" Alias="[o]" Column="status"></ColumnReference></DefinedValue><DefinedValue><ColumnReference Database="[WideWorldImporters]" Schema="[sys]" Table="[sysschobjs]" Alias="[o]" Column="type"></ColumnReference></DefinedValue></DefinedValues><Object Database="[WideWorldImporters]" Schema="[sys]" Table="[sysschobjs]" Index="[clst]" Alias="[o]" TableReferenceId="1" IndexKind="Clustered" Storage="RowStore"></Object><Predicate><ScalarOperator ScalarString="[WideWorldImporters].[sys].[sysschobjs].[nsclass] as [o].[nsclass]&lt;&gt;(20) AND [WideWorldImporters].[sys].[sysschobjs].[nsclass] as [o].[nsclass]&lt;&gt;(21) AND (CONVERT_IMPLICIT(nchar(2),CONVERT(char(2),CASE WHEN [WideWorldImporters].[sys].[sysschobjs].[type] as [o].[type]=&apos;ET&apos; THEN &apos;U&apos; ELSE [WideWorldImporters].[sys].[sysschobjs].[type] as [o].[type] END,0),0)=CONVERT_IMPLICIT(nvarchar(4000),[@_msparam_0],0) OR CONVERT_IMPLICIT(nchar(2),CONVERT(char(2),CASE WHEN [WideWorldImporters].[sys].[sysschobjs].[type] as [o].[type]=&apos;ET&apos; THEN &apos;U&apos; ELSE [WideWorldImporters].[sys].[sysschobjs].[type] as [o].[type] END,0),0)=CONVERT_IMPLICIT(nvarchar(4000),[@_msparam_1],0) OR CONVERT_IMPLICIT(nchar(2),CONVERT(char(2),CASE WHEN [WideWorldImporters].[sys].[sysschobjs].[type] as [o].[type]=&apos;ET&apos; THEN &apos;U&apos; ELSE [WideWorldImporters].[sys].[sysschobjs].[type] as [o].[type] END,0),0)=CONVERT_IMPLICIT(nvarchar(4000),[@_msparam_2],0))"><Logical Operation="AND"><ScalarOperator><Compare CompareOp="NE"><ScalarOperator><Identifier><ColumnReference Database="[WideWorldImporters]" Schema="[sys]" Table="[sysschobjs]" Alias="[o]" Column="nsclass"></ColumnReference></Identifier></ScalarOperator><ScalarOperator><Const ConstValue="(20)"></Const></ScalarOperator></Compare></ScalarOperator><ScalarOperator><Compare CompareOp="NE"><ScalarOperator><Identifier><ColumnReference Database="[WideWorldImporters]" Schema="[sys]" Table="[sysschobjs]" Alias="[o]" Column="nsclass"></ColumnReference></Identifier></ScalarOperator><ScalarOperator><Const ConstValue="(21)"></Const></ScalarOperator></Compare></ScalarOperator><ScalarOperator><Logical Operation="OR"><ScalarOperator><Compare CompareOp="EQ"><ScalarOperator><Convert DataType="nchar" Length="4" Style="0" Implicit="1"><ScalarOperator><Convert DataType="char" Length="2" Style="0" Implicit="0"><ScalarOperator><IF><Condition><ScalarOperator><Compare CompareOp="EQ"><ScalarOperator><Identifier><ColumnReference Database="[WideWorldImporters]" Schema="[sys]" Table="[sysschobjs]" Alias="[o]" Column="type"></ColumnReference></Identifier></ScalarOperator><ScalarOperator><Const ConstValue="&apos;ET&apos;"></Const></ScalarOperator></Compare></ScalarOperator></Condition><Then><ScalarOperator><Const ConstValue="&apos;U&apos;"></Const></ScalarOperator></Then><Else><ScalarOperator><Identifier><ColumnReference Database="[WideWorldImporters]" Schema="[sys]" Table="[sysschobjs]" Alias="[o]" Column="type"></ColumnReference></Identifier></ScalarOperator></Else></IF></ScalarOperator></Convert></ScalarOperator></Convert></ScalarOperator><ScalarOperator><Identifier><ColumnReference Column="ConstExpr1040"><ScalarOperator><Convert DataType="nvarchar" Length="8000" Style="0" Implicit="1"><ScalarOperator><Identifier><ColumnReference Column="@_msparam_0"></ColumnReference></Identifier></ScalarOperator></Convert></ScalarOperator></ColumnReference></Identifier></ScalarOperator></Compare></ScalarOperator><ScalarOperator><Compare CompareOp="EQ"><ScalarOperator><Convert DataType="nchar" Length="4" Style="0" Implicit="1"><ScalarOperator><Convert DataType="char" Length="2" Style="0" Implicit="0"><ScalarOperator><IF><Condition><ScalarOperator><Compare CompareOp="EQ"><ScalarOperator><Identifier><ColumnReference Database="[WideWorldImporters]" Schema="[sys]" Table="[sysschobjs]" Alias="[o]" Column="type"></ColumnReference></Identifier></ScalarOperator><ScalarOperator><Const ConstValue="&apos;ET&apos;"></Const></ScalarOperator></Compare></ScalarOperator></Condition><Then><ScalarOperator><Const ConstValue="&apos;U&apos;"></Const></ScalarOperator></Then><Else><ScalarOperator><Identifier><ColumnReference Database="[WideWorldImporters]" Schema="[sys]" Table="[sysschobjs]" Alias="[o]" Column="type"></ColumnReference></Identifier></ScalarOperator></Else></IF></ScalarOperator></Convert></ScalarOperator></Convert></ScalarOperator><ScalarOperator><Identifier><ColumnReference Column="ConstExpr1041"><ScalarOperator><Convert DataType="nvarchar" Length="8000" Style="0" Implicit="1"><ScalarOperator><Identifier><ColumnReference Column="@_msparam_1"></ColumnReference></Identifier></ScalarOperator></Convert></ScalarOperator></ColumnReference></Identifier></ScalarOperator></Compare></ScalarOperator><ScalarOperator><Compare CompareOp="EQ"><ScalarOperator><Convert DataType="nchar" Length="4" Style="0" Implicit="1"><ScalarOperator><Convert DataType="char" Length="2" Style="0" Implicit="0"><ScalarOperator><IF><Condition><ScalarOperator><Compare CompareOp="EQ"><ScalarOperator><Identifier><ColumnReference Database="[WideWorldImporters]" Schema="[sys]" Table="[sysschobjs]" Alias="[o]" Column="type"></ColumnReference></Identifier></ScalarOperator><ScalarOperator><Const ConstValue="&apos;ET&apos;"></Const></ScalarOperator></Compare></ScalarOperator></Condition><Then><ScalarOperator><Const ConstValue="&apos;U&apos;"></Const></ScalarOperator></Then><Else><ScalarOperator><Identifier><ColumnReference Database="[WideWorldImporters]" Schema="[sys]" Table="[sysschobjs]" Alias="[o]" Column="type"></ColumnReference></Identifier></ScalarOperator></Else></IF></ScalarOperator></Convert></ScalarOperator></Convert></ScalarOperator><ScalarOperator><Identifier><ColumnReference Column="ConstExpr1042"><ScalarOperator><Convert DataType="nvarchar" Length="8000" Style="0" Implicit="1"><ScalarOperator><Identifier><ColumnReference Column="@_msparam_2"></ColumnReference></Identifier></ScalarOperator></Convert></ScalarOperator></ColumnReference></Identifier></ScalarOperator></Compare></ScalarOperator></Logical></ScalarOperator></Logical></ScalarOperator></Predicate></IndexScan></RelOp></ComputeScalar></RelOp><Predicate><ScalarOperator ScalarString="has_access(&apos;AO&apos;,[WideWorldImporters].[sys].[sysschobjs].[id] as [o].[id])=(1)"><Compare CompareOp="EQ"><ScalarOperator><Intrinsic FunctionName="has_access"><ScalarOperator><Const ConstValue="&apos;AO&apos;"></Const></ScalarOperator><ScalarOperator><Identifier><ColumnReference Database="[WideWorldImporters]" Schema="[sys]" Table="[sysschobjs]" Alias="[o]" Column="id"></ColumnReference></Identifier></ScalarOperator><ScalarOperator><Const ConstValue=""></Const></ScalarOperator><ScalarOperator><Const ConstValue=""></Const></ScalarOperator></Intrinsic></ScalarOperator><ScalarOperator><Const ConstValue="(1)"></Const></ScalarOperator></Compare></ScalarOperator></Predicate></Filter></RelOp><RelOp NodeId="8" PhysicalOp="Filter" LogicalOp="Filter" EstimateRows="2194.99" EstimateIO="0" EstimateCPU="0.0161347" AvgRowSize="4039" EstimatedTotalSubtreeCost="0.0686354" Parallel="0" EstimateRebinds="0" EstimateRewinds="0" EstimatedExecutionMode="Row"><OutputList><ColumnReference Database="[WideWorldImporters]" Schema="[sys]" Table="[sysschobjs]" Alias="[o]" Column="id"></ColumnReference><ColumnReference Column="Expr1009"></ColumnReference></OutputList><Filter StartupExpression="0"><RelOp NodeId="9" PhysicalOp="Compute Scalar" LogicalOp="Compute Scalar" EstimateRows="2194.99" EstimateIO="0" EstimateCPU="0.0002744" AvgRowSize="4050" EstimatedTotalSubtreeCost="0.0525007" Parallel="0" EstimateRebinds="0" EstimateRewinds="0" EstimatedExecutionMode="Row"><OutputList><ColumnReference Database="[WideWorldImporters]" Schema="[sys]" Table="[sysschobjs]" Alias="[o]" Column="id"></ColumnReference><ColumnReference Database="[WideWorldImporters]" Schema="[sys]" Table="[sysschobjs]" Alias="[o]" Column="type"></ColumnReference><ColumnReference Database="[WideWorldImporters]" Schema="[sys]" Table="[sysschobjs]" Alias="[o]" Column="pid"></ColumnReference><ColumnReference Column="Expr1009"></ColumnReference><ColumnReference Column="Expr1045"></ColumnReference></OutputList><ComputeScalar><DefinedValues><DefinedValue><ColumnReference Column="Expr1009"></ColumnReference><ScalarOperator ScalarString="object_definition([WideWorldImporters].[sys].[sysschobjs].[id] as [o].[id])"><Intrinsic FunctionName="object_definition"><ScalarOperator><Identifier><ColumnReference Database="[WideWorldImporters]" Schema="[sys]" Table="[sysschobjs]" Alias="[o]" Column="id"></ColumnReference></Identifier></ScalarOperator><ScalarOperator><Const ConstValue=""></Const></ScalarOperator><ScalarOperator><Const ConstValue=""></Const></ScalarOperator></Intrinsic></ScalarOperator></DefinedValue><DefinedValue><ColumnReference Column="Expr1045"></ColumnReference><ScalarOperator ScalarString="CONVERT_IMPLICIT(int,[WideWorldImporters].[sys].[sysschobjs].[nsclass] as [o].[nsclass],0)"><Convert DataType="int" Style="0" Implicit="1"><ScalarOperator><Identifier><ColumnReference Database="[WideWorldImporters]" Schema="[sys]" Table="[sysschobjs]" Alias="[o]" Column="nsclass"></ColumnReference></Identifier></ScalarOperator></Convert></ScalarOperator></DefinedValue></DefinedValues><RelOp NodeId="10" PhysicalOp="Clustered Index Scan" LogicalOp="Clustered Index Scan" EstimateRows="2194.99" EstimatedRowsRead="2744" EstimateIO="0.0490509" EstimateCPU="0.0031754" AvgRowSize="19" EstimatedTotalSubtreeCost="0.0522263" TableCardinality="2744" Parallel="0" EstimateRebinds="0" EstimateRewinds="0" EstimatedExecutionMode="Row"><OutputList><ColumnReference Database="[WideWorldImporters]" Schema="[sys]" Table="[sysschobjs]" Alias="[o]" Column="id"></ColumnReference><ColumnReference Database="[WideWorldImporters]" Schema="[sys]" Table="[sysschobjs]" Alias="[o]" Column="nsclass"></ColumnReference><ColumnReference Database="[WideWorldImporters]" Schema="[sys]" Table="[sysschobjs]" Alias="[o]" Column="type"></ColumnReference><ColumnReference Database="[WideWorldImporters]" Schema="[sys]" Table="[sysschobjs]" Alias="[o]" Column="pid"></ColumnReference></OutputList><IndexScan Ordered="1" ScanDirection="FORWARD" ForcedIndex="0" ForceSeek="0" ForceScan="0" NoExpandHint="0" Storage="RowStore"><DefinedValues><DefinedValue><ColumnReference Database="[WideWorldImporters]" Schema="[sys]" Table="[sysschobjs]" Alias="[o]" Column="id"></ColumnReference></DefinedValue><DefinedValue><ColumnReference Database="[WideWorldImporters]" Schema="[sys]" Table="[sysschobjs]" Alias="[o]" Column="nsclass"></ColumnReference></DefinedValue><DefinedValue><ColumnReference Database="[WideWorldImporters]" Schema="[sys]" Table="[sysschobjs]" Alias="[o]" Column="type"></ColumnReference></DefinedValue><DefinedValue><ColumnReference Database="[WideWorldImporters]" Schema="[sys]" Table="[sysschobjs]" Alias="[o]" Column="pid"></ColumnReference></DefinedValue></DefinedValues><Object Database="[WideWorldImporters]" Schema="[sys]" Table="[sysschobjs]" Index="[clst]" Alias="[o]" TableReferenceId="2" IndexKind="Clustered" Storage="RowStore"></Object><Predicate><ScalarOperator ScalarString="[WideWorldImporters].[sys].[sysschobjs].[pclass] as [o].[pclass]&lt;&gt;(100)"><Compare CompareOp="NE"><ScalarOperator><Identifier><ColumnReference Database="[WideWorldImporters]" Schema="[sys]" Table="[sysschobjs]" Alias="[o]" Column="pclass"></ColumnReference></Identifier></ScalarOperator><ScalarOperator><Const ConstValue="(100)"></Const></ScalarOperator></Compare></ScalarOperator></Predicate></IndexScan></RelOp></ComputeScalar></RelOp><Predicate><ScalarOperator ScalarString="has_access(&apos;TR&apos;,[WideWorldImporters].[sys].[sysschobjs].[id] as [o].[id],[WideWorldImporters].[sys].[sysschobjs].[pid] as [o].[pid],[Expr1045])=(1) AND [WideWorldImporters].[sys].[sysschobjs].[type] as [o].[type]=&apos;TR&apos; OR has_access(&apos;CO&apos;,[WideWorldImporters].[sys].[sysschobjs].[id] as [o].[id])=(1) AND ([WideWorldImporters].[sys].[sysschobjs].[type] as [o].[type]=&apos;FN&apos; OR [WideWorldImporters].[sys].[sysschobjs].[type] as [o].[type]=&apos;IF&apos; OR [WideWorldImporters].[sys].[sysschobjs].[type] as [o].[type]=&apos;IS&apos; OR [WideWorldImporters].[sys].[sysschobjs].[type] as [o].[type]=&apos;P&apos; OR [WideWorldImporters].[sys].[sysschobjs].[type] as [o].[type]=&apos;RF&apos; OR [WideWorldImporters].[sys].[sysschobjs].[type] as [o].[type]=&apos;TF&apos; OR [WideWorldImporters].[sys].[sysschobjs].[type] as [o].[type]=&apos;V&apos;) OR ([WideWorldImporters].[sys].[sysschobjs].[type] as [o].[type]=&apos;D&apos; OR [WideWorldImporters].[sys].[sysschobjs].[type] as [o].[type]=&apos;R&apos;) AND [WideWorldImporters].[sys].[sysschobjs].[pid] as [o].[pid]=(0)"><Logical Operation="OR"><ScalarOperator><Logical Operation="AND"><ScalarOperator><Compare CompareOp="EQ"><ScalarOperator><Intrinsic FunctionName="has_access"><ScalarOperator><Const ConstValue="&apos;TR&apos;"></Const></ScalarOperator><ScalarOperator><Identifier><ColumnReference Database="[WideWorldImporters]" Schema="[sys]" Table="[sysschobjs]" Alias="[o]" Column="id"></ColumnReference></Identifier></ScalarOperator><ScalarOperator><Identifier><ColumnReference Database="[WideWorldImporters]" Schema="[sys]" Table="[sysschobjs]" Alias="[o]" Column="pid"></ColumnReference></Identifier></ScalarOperator><ScalarOperator><Identifier><ColumnReference Column="Expr1045"></ColumnReference></Identifier></ScalarOperator></Intrinsic></ScalarOperator><ScalarOperator><Const ConstValue="(1)"></Const></ScalarOperator></Compare></ScalarOperator><ScalarOperator><Compare CompareOp="EQ"><ScalarOperator><Identifier><ColumnReference Database="[WideWorldImporters]" Schema="[sys]" Table="[sysschobjs]" Alias="[o]" Column="type"></ColumnReference></Identifier></ScalarOperator><ScalarOperator><Const ConstValue="&apos;TR&apos;"></Const></ScalarOperator></Compare></ScalarOperator></Logical></ScalarOperator><ScalarOperator><Logical Operation="AND"><ScalarOperator><Compare CompareOp="EQ"><ScalarOperator><Intrinsic FunctionName="has_access"><ScalarOperator><Const ConstValue="&apos;CO&apos;"></Const></ScalarOperator><ScalarOperator><Identifier><ColumnReference Database="[WideWorldImporters]" Schema="[sys]" Table="[sysschobjs]" Alias="[o]" Column="id"></ColumnReference></Identifier></ScalarOperator><ScalarOperator><Const ConstValue=""></Const></ScalarOperator><ScalarOperator><Const ConstValue=""></Const></ScalarOperator></Intrinsic></ScalarOperator><ScalarOperator><Const ConstValue="(1)"></Const></ScalarOperator></Compare></ScalarOperator><ScalarOperator><Logical Operation="OR"><ScalarOperator><Compare CompareOp="EQ"><ScalarOperator><Identifier><ColumnReference Database="[WideWorldImporters]" Schema="[sys]" Table="[sysschobjs]" Alias="[o]" Column="type"></ColumnReference></Identifier></ScalarOperator><ScalarOperator><Const ConstValue="&apos;FN&apos;"></Const></ScalarOperator></Compare></ScalarOperator><ScalarOperator><Compare CompareOp="EQ"><ScalarOperator><Identifier><ColumnReference Database="[WideWorldImporters]" Schema="[sys]" Table="[sysschobjs]" Alias="[o]" Column="type"></ColumnReference></Identifier></ScalarOperator><ScalarOperator><Const ConstValue="&apos;IF&apos;"></Const></ScalarOperator></Compare></ScalarOperator><ScalarOperator><Compare CompareOp="EQ"><ScalarOperator><Identifier><ColumnReference Database="[WideWorldImporters]" Schema="[sys]" Table="[sysschobjs]" Alias="[o]" Column="type"></ColumnReference></Identifier></ScalarOperator><ScalarOperator><Const ConstValue="&apos;IS&apos;"></Const></ScalarOperator></Compare></ScalarOperator><ScalarOperator><Compare CompareOp="EQ"><ScalarOperator><Identifier><ColumnReference Database="[WideWorldImporters]" Schema="[sys]" Table="[sysschobjs]" Alias="[o]" Column="type"></ColumnReference></Identifier></ScalarOperator><ScalarOperator><Const ConstValue="&apos;P&apos;"></Const></ScalarOperator></Compare></ScalarOperator><ScalarOperator><Compare CompareOp="EQ"><ScalarOperator><Identifier><ColumnReference Database="[WideWorldImporters]" Schema="[sys]" Table="[sysschobjs]" Alias="[o]" Column="type"></ColumnReference></Identifier></ScalarOperator><ScalarOperator><Const ConstValue="&apos;RF&apos;"></Const></ScalarOperator></Compare></ScalarOperator><ScalarOperator><Compare CompareOp="EQ"><ScalarOperator><Identifier><ColumnReference Database="[WideWorldImporters]" Schema="[sys]" Table="[sysschobjs]" Alias="[o]" Column="type"></ColumnReference></Identifier></ScalarOperator><ScalarOperator><Const ConstValue="&apos;TF&apos;"></Const></ScalarOperator></Compare></ScalarOperator><ScalarOperator><Compare CompareOp="EQ"><ScalarOperator><Identifier><ColumnReference Database="[WideWorldImporters]" Schema="[sys]" Table="[sysschobjs]" Alias="[o]" Column="type"></ColumnReference></Identifier></ScalarOperator><ScalarOperator><Const ConstValue="&apos;V&apos;"></Const></ScalarOperator></Compare></ScalarOperator></Logical></ScalarOperator></Logical></ScalarOperator><ScalarOperator><Logical Operation="AND"><ScalarOperator><Logical Operation="OR"><ScalarOperator><Compare CompareOp="EQ"><ScalarOperator><Identifier><ColumnReference Database="[WideWorldImporters]" Schema="[sys]" Table="[sysschobjs]" Alias="[o]" Column="type"></ColumnReference></Identifier></ScalarOperator><ScalarOperator><Const ConstValue="&apos;D&apos;"></Const></ScalarOperator></Compare></ScalarOperator><ScalarOperator><Compare CompareOp="EQ"><ScalarOperator><Identifier><ColumnReference Database="[WideWorldImporters]" Schema="[sys]" Table="[sysschobjs]" Alias="[o]" Column="type"></ColumnReference></Identifier></ScalarOperator><ScalarOperator><Const ConstValue="&apos;R&apos;"></Const></ScalarOperator></Compare></ScalarOperator></Logical></ScalarOperator><ScalarOperator><Compare CompareOp="EQ"><ScalarOperator><Identifier><ColumnReference Database="[WideWorldImporters]" Schema="[sys]" Table="[sysschobjs]" Alias="[o]" Column="pid"></ColumnReference></Identifier></ScalarOperator><ScalarOperator><Const ConstValue="(0)"></Const></ScalarOperator></Compare></ScalarOperator></Logical></ScalarOperator></Logical></ScalarOperator></Predicate></Filter></RelOp></Merge></RelOp><RelOp NodeId="11" PhysicalOp="Compute Scalar" LogicalOp="Compute Scalar" EstimateRows="2190.92" EstimateIO="0" EstimateCPU="0.000219092" AvgRowSize="4039" EstimatedTotalSubtreeCost="0.0611713" Parallel="0" EstimateRebinds="0" EstimateRewinds="0" EstimatedExecutionMode="Row"><OutputList><ColumnReference Database="[WideWorldImporters]" Schema="[sys]" Table="[sysschobjs]" Alias="[o]" Column="id"></ColumnReference><ColumnReference Column="Expr1024"></ColumnReference></OutputList><ComputeScalar><DefinedValues><DefinedValue><ColumnReference Column="Expr1024"></ColumnReference><ScalarOperator ScalarString="object_definition([WideWorldImporters].[sys].[sysschobjs].[id] as [o].[id])"><Intrinsic FunctionName="object_definition"><ScalarOperator><Identifier><ColumnReference Database="[WideWorldImporters]" Schema="[sys]" Table="[sysschobjs]" Alias="[o]" Column="id"></ColumnReference></Identifier></ScalarOperator><ScalarOperator><Const ConstValue=""></Const></ScalarOperator><ScalarOperator><Const ConstValue=""></Const></ScalarOperator></Intrinsic></ScalarOperator></DefinedValue></DefinedValues><RelOp NodeId="12" PhysicalOp="Filter" LogicalOp="Filter" EstimateRows="2190.92" EstimateIO="0" EstimateCPU="0.00872592" AvgRowSize="11" EstimatedTotalSubtreeCost="0.0609522" Parallel="0" EstimateRebinds="0" EstimateRewinds="0" EstimatedExecutionMode="Row"><OutputList><ColumnReference Database="[WideWorldImporters]" Schema="[sys]" Table="[sysschobjs]" Alias="[o]" Column="id"></ColumnReference></OutputList><Filter StartupExpression="0"><RelOp NodeId="13" PhysicalOp="Clustered Index Scan" LogicalOp="Clustered Index Scan" EstimateRows="2190.92" EstimatedRowsRead="2744" EstimateIO="0.0490509" EstimateCPU="0.0031754" AvgRowSize="13" EstimatedTotalSubtreeCost="0.0522263" TableCardinality="2744" Parallel="0" EstimateRebinds="0" EstimateRewinds="0" EstimatedExecutionMode="Row"><OutputList><ColumnReference Database="[WideWorldImporters]" Schema="[sys]" Table="[sysschobjs]" Alias="[o]" Column="id"></ColumnReference><ColumnReference Database="[WideWorldImporters]" Schema="[sys]" Table="[sysschobjs]" Alias="[o]" Column="type"></ColumnReference></OutputList><IndexScan Ordered="1" ScanDirection="FORWARD" ForcedIndex="0" ForceSeek="0" ForceScan="0" NoExpandHint="0" Storage="RowStore"><DefinedValues><DefinedValue><ColumnReference Database="[WideWorldImporters]" Schema="[sys]" Table="[sysschobjs]" Alias="[o]" Column="id"></ColumnReference></DefinedValue><DefinedValue><ColumnReference Database="[WideWorldImporters]" Schema="[sys]" Table="[sysschobjs]" Alias="[o]" Column="type"></ColumnReference></DefinedValue></DefinedValues><Object Database="[WideWorldImporters]" Schema="[sys]" Table="[sysschobjs]" Index="[clst]" Alias="[o]" TableReferenceId="3" IndexKind="Clustered" Storage="RowStore"></Object><Predicate><ScalarOperator ScalarString="[WideWorldImporters].[sys].[sysschobjs].[type] as [o].[type]=&apos;FN&apos; OR [WideWorldImporters].[sys].[sysschobjs].[type] as [o].[type]=&apos;IF&apos; OR [WideWorldImporters].[sys].[sysschobjs].[type] as [o].[type]=&apos;IS&apos; OR [WideWorldImporters].[sys].[sysschobjs].[type] as [o].[type]=&apos;P&apos; OR [WideWorldImporters].[sys].[sysschobjs].[type] as [o].[type]=&apos;RF&apos; OR [WideWorldImporters].[sys].[sysschobjs].[type] as [o].[type]=&apos;TF&apos; OR [WideWorldImporters].[sys].[sysschobjs].[type] as [o].[type]=&apos;V&apos;"><Logical Operation="OR"><ScalarOperator><Compare CompareOp="EQ"><ScalarOperator><Identifier><ColumnReference Database="[WideWorldImporters]" Schema="[sys]" Table="[sysschobjs]" Alias="[o]" Column="type"></ColumnReference></Identifier></ScalarOperator><ScalarOperator><Const ConstValue="&apos;FN&apos;"></Const></ScalarOperator></Compare></ScalarOperator><ScalarOperator><Compare CompareOp="EQ"><ScalarOperator><Identifier><ColumnReference Database="[WideWorldImporters]" Schema="[sys]" Table="[sysschobjs]" Alias="[o]" Column="type"></ColumnReference></Identifier></ScalarOperator><ScalarOperator><Const ConstValue="&apos;IF&apos;"></Const></ScalarOperator></Compare></ScalarOperator><ScalarOperator><Compare CompareOp="EQ"><ScalarOperator><Identifier><ColumnReference Database="[WideWorldImporters]" Schema="[sys]" Table="[sysschobjs]" Alias="[o]" Column="type"></ColumnReference></Identifier></ScalarOperator><ScalarOperator><Const ConstValue="&apos;IS&apos;"></Const></ScalarOperator></Compare></ScalarOperator><ScalarOperator><Compare CompareOp="EQ"><ScalarOperator><Identifier><ColumnReference Database="[WideWorldImporters]" Schema="[sys]" Table="[sysschobjs]" Alias="[o]" Column="type"></ColumnReference></Identifier></ScalarOperator><ScalarOperator><Const ConstValue="&apos;P&apos;"></Const></ScalarOperator></Compare></ScalarOperator><ScalarOperator><Compare CompareOp="EQ"><ScalarOperator><Identifier><ColumnReference Database="[WideWorldImporters]" Schema="[sys]" Table="[sysschobjs]" Alias="[o]" Column="type"></ColumnReference></Identifier></ScalarOperator><ScalarOperator><Const ConstValue="&apos;RF&apos;"></Const></ScalarOperator></Compare></ScalarOperator><ScalarOperator><Compare CompareOp="EQ"><ScalarOperator><Identifier><ColumnReference Database="[WideWorldImporters]" Schema="[sys]" Table="[sysschobjs]" Alias="[o]" Column="type"></ColumnReference></Identifier></ScalarOperator><ScalarOperator><Const ConstValue="&apos;TF&apos;"></Const></ScalarOperator></Compare></ScalarOperator><ScalarOperator><Compare CompareOp="EQ"><ScalarOperator><Identifier><ColumnReference Database="[WideWorldImporters]" Schema="[sys]" Table="[sysschobjs]" Alias="[o]" Column="type"></ColumnReference></Identifier></ScalarOperator><ScalarOperator><Const ConstValue="&apos;V&apos;"></Const></ScalarOperator></Compare></ScalarOperator></Logical></ScalarOperator></Predicate></IndexScan></RelOp><Predicate><ScalarOperator ScalarString="has_access(&apos;SO&apos;,[WideWorldImporters].[sys].[sysschobjs].[id] as [o].[id])=(1)"><Compare CompareOp="EQ"><ScalarOperator><Intrinsic FunctionName="has_access"><ScalarOperator><Const ConstValue="&apos;SO&apos;"></Const></ScalarOperator><ScalarOperator><Identifier><ColumnReference Database="[WideWorldImporters]" Schema="[sys]" Table="[sysschobjs]" Alias="[o]" Column="id"></ColumnReference></Identifier></ScalarOperator><ScalarOperator><Const ConstValue=""></Const></ScalarOperator><ScalarOperator><Const ConstValue=""></Const></ScalarOperator></Intrinsic></ScalarOperator><ScalarOperator><Const ConstValue="(1)"></Const></ScalarOperator></Compare></ScalarOperator></Predicate></Filter></RelOp></ComputeScalar></RelOp></Merge></RelOp><RelOp NodeId="15" PhysicalOp="Filter" LogicalOp="Filter" EstimateRows="1" EstimateIO="0" EstimateCPU="9.8e-007" AvgRowSize="11" EstimatedTotalSubtreeCost="0.0457946" Parallel="0" EstimateRebinds="162.363" EstimateRewinds="0" EstimatedExecutionMode="Row"><OutputList><ColumnReference Database="[WideWorldImporters]" Schema="[sys]" Table="[sysxprops]" Alias="[p]" Column="id"></ColumnReference></OutputList><Filter StartupExpression="0"><RelOp NodeId="16" PhysicalOp="Clustered Index Seek" LogicalOp="Clustered Index Seek" EstimateRows="1" EstimatedRowsRead="1" EstimateIO="0.003125" EstimateCPU="0.0001581" AvgRowSize="12" EstimatedTotalSubtreeCost="0.0456345" TableCardinality="400" Parallel="0" EstimateRebinds="162.363" EstimateRewinds="0" EstimatedExecutionMode="Row"><OutputList><ColumnReference Database="[WideWorldImporters]" Schema="[sys]" Table="[sysxprops]" Alias="[p]" Column="class"></ColumnReference><ColumnReference Database="[WideWorldImporters]" Schema="[sys]" Table="[sysxprops]" Alias="[p]" Column="id"></ColumnReference></OutputList><IndexScan Ordered="1" ScanDirection="FORWARD" ForcedIndex="0" ForceSeek="0" ForceScan="0" NoExpandHint="0" Storage="RowStore"><DefinedValues><DefinedValue><ColumnReference Database="[WideWorldImporters]" Schema="[sys]" Table="[sysxprops]" Alias="[p]" Column="class"></ColumnReference></DefinedValue><DefinedValue><ColumnReference Database="[WideWorldImporters]" Schema="[sys]" Table="[sysxprops]" Alias="[p]" Column="id"></ColumnReference></DefinedValue></DefinedValues><Object Database="[WideWorldImporters]" Schema="[sys]" Table="[sysxprops]" Index="[clust]" Alias="[p]" IndexKind="Clustered" Storage="RowStore"></Object><SeekPredicates><SeekPredicateNew><SeekKeys><Prefix ScanType="EQ"><RangeColumns><ColumnReference Database="[WideWorldImporters]" Schema="[sys]" Table="[sysxprops]" Alias="[p]" Column="class"></ColumnReference><ColumnReference Database="[WideWorldImporters]" Schema="[sys]" Table="[sysxprops]" Alias="[p]" Column="id"></ColumnReference><ColumnReference Database="[WideWorldImporters]" Schema="[sys]" Table="[sysxprops]" Alias="[p]" Column="subid"></ColumnReference><ColumnReference Database="[WideWorldImporters]" Schema="[sys]" Table="[sysxprops]" Alias="[p]" Column="name"></ColumnReference></RangeColumns><RangeExpressions><ScalarOperator ScalarString="(1)"><Const ConstValue="(1)"></Const></ScalarOperator><ScalarOperator ScalarString="[WideWorldImporters].[sys].[sysschobjs].[id] as [o].[id]"><Identifier><ColumnReference Database="[WideWorldImporters]" Schema="[sys]" Table="[sysschobjs]" Alias="[o]" Column="id"></ColumnReference></Identifier></ScalarOperator><ScalarOperator ScalarString="(0)"><Const ConstValue="(0)"></Const></ScalarOperator><ScalarOperator ScalarString="N&apos;microsoft_database_tools_support&apos;"><Const ConstValue="N&apos;microsoft_database_tools_support&apos;"></Const></ScalarOperator></RangeExpressions></Prefix></SeekKeys></SeekPredicateNew></SeekPredicates></IndexScan></RelOp><Predicate><ScalarOperator ScalarString="has_access(&apos;EP&apos;,CONVERT_IMPLICIT(int,[WideWorldImporters].[sys].[sysxprops].[class] as [p].[class],0),[WideWorldImporters].[sys].[sysxprops].[id] as [p].[id])=(1)"><Compare CompareOp="EQ"><ScalarOperator><Intrinsic FunctionName="has_access"><ScalarOperator><Const ConstValue="&apos;EP&apos;"></Const></ScalarOperator><ScalarOperator><Convert DataType="int" Style="0" Implicit="1"><ScalarOperator><Identifier><ColumnReference Database="[WideWorldImporters]" Schema="[sys]" Table="[sysxprops]" Alias="[p]" Column="class"></ColumnReference></Identifier></ScalarOperator></Convert></ScalarOperator><ScalarOperator><Identifier><ColumnReference Database="[WideWorldImporters]" Schema="[sys]" Table="[sysxprops]" Alias="[p]" Column="id"></ColumnReference></Identifier></ScalarOperator><ScalarOperator><Const ConstValue=""></Const></ScalarOperator></Intrinsic></ScalarOperator><ScalarOperator><Const ConstValue="(1)"></Const></ScalarOperator></Compare></ScalarOperator></Predicate></Filter></RelOp></NestedLoops></RelOp></ComputeScalar></RelOp></Sort></RelOp><ParameterList><ColumnReference Column="@_msparam_2" ParameterDataType="nvarchar(4000)" ParameterCompiledValue="N&apos;PC&apos;"></ColumnReference><ColumnReference Column="@_msparam_1" ParameterDataType="nvarchar(4000)" ParameterCompiledValue="N&apos;RF&apos;"></ColumnReference><ColumnReference Column="@_msparam_0" ParameterDataType="nvarchar(4000)" ParameterCompiledValue="N&apos;P&apos;"></ColumnReference></ParameterList></QueryPlan></StmtSimple></Statements></Batch></BatchSequence></ShowPlanXML>